28-Jan-2026 07:40:02.177 INFO [main] org.apache.catalina.core.StandardServer.await A valid shutdown command was received via the shutdown port. Stopping the Server instance.
28-Jan-2026 07:40:02.178 INFO [main] org.apache.coyote.AbstractProtocol.pause Pausing ProtocolHandler ["http-nio-8080"]
28-Jan-2026 07:40:03.115 INFO [main] org.apache.catalina.startup.VersionLoggerListener.log Server version:        Apache Tomcat/8.5.30
28-Jan-2026 07:40:03.117 INFO [main] org.apache.catalina.startup.VersionLoggerListener.log Server built:          Apr 3 2018 20:04:09 UTC
28-Jan-2026 07:40:03.117 INFO [main] org.apache.catalina.startup.VersionLoggerListener.log Server number:         8.5.30.0
28-Jan-2026 07:40:03.117 INFO [main] org.apache.catalina.startup.VersionLoggerListener.log OS Name:               Linux
28-Jan-2026 07:40:03.117 INFO [main] org.apache.catalina.startup.VersionLoggerListener.log OS Version:            3.10.0-1160.108.1.el7.x86_64
28-Jan-2026 07:40:03.117 INFO [main] org.apache.catalina.startup.VersionLoggerListener.log Architecture:          amd64
28-Jan-2026 07:40:03.117 INFO [main] org.apache.catalina.startup.VersionLoggerListener.log Java Home:             /usr/java/jdk1.8.0_181-amd64/jre
28-Jan-2026 07:40:03.117 INFO [main] org.apache.catalina.startup.VersionLoggerListener.log JVM Version:           1.8.0_181-b13
28-Jan-2026 07:40:03.117 INFO [main] org.apache.catalina.startup.VersionLoggerListener.log JVM Vendor:            Oracle Corporation
28-Jan-2026 07:40:03.117 INFO [main] org.apache.catalina.startup.VersionLoggerListener.log CATALINA_BASE:         /opt/tomcat
28-Jan-2026 07:40:03.117 INFO [main] org.apache.catalina.startup.VersionLoggerListener.log CATALINA_HOME:         /opt/tomcat
28-Jan-2026 07:40:03.117 INFO [main] org.apache.catalina.startup.VersionLoggerListener.log Command line argument: -Djava.util.logging.config.file=/opt/tomcat/conf/logging.properties
28-Jan-2026 07:40:03.117 INFO [main] org.apache.catalina.startup.VersionLoggerListener.log Command line argument: -Djava.util.logging.manager=org.apache.juli.ClassLoaderLogManager
28-Jan-2026 07:40:03.118 INFO [main] org.apache.catalina.startup.VersionLoggerListener.log Command line argument: -Djdk.tls.ephemeralDHKeySize=2048
28-Jan-2026 07:40:03.118 INFO [main] org.apache.catalina.startup.VersionLoggerListener.log Command line argument: -Djava.protocol.handler.pkgs=org.apache.catalina.webresources
28-Jan-2026 07:40:03.118 INFO [main] org.apache.catalina.startup.VersionLoggerListener.log Command line argument: -Dorg.apache.catalina.security.SecurityListener.UMASK=0027
28-Jan-2026 07:40:03.118 INFO [main] org.apache.catalina.startup.VersionLoggerListener.log Command line argument: -Djava.net.preferIPv4Stack=true
28-Jan-2026 07:40:03.118 INFO [main] org.apache.catalina.startup.VersionLoggerListener.log Command line argument: -Xmx4G
28-Jan-2026 07:40:03.118 INFO [main] org.apache.catalina.startup.VersionLoggerListener.log Command line argument: -Xms4G
28-Jan-2026 07:40:03.118 INFO [main] org.apache.catalina.startup.VersionLoggerListener.log Command line argument: -XX:MaxGCPauseMillis=200
28-Jan-2026 07:40:03.118 INFO [main] org.apache.catalina.startup.VersionLoggerListener.log Command line argument: -XX:NewSize=256m
28-Jan-2026 07:40:03.118 INFO [main] org.apache.catalina.startup.VersionLoggerListener.log Command line argument: -XX:MaxNewSize=256m
28-Jan-2026 07:40:03.118 INFO [main] org.apache.catalina.startup.VersionLoggerListener.log Command line argument: -XX:MinHeapFreeRatio=10
28-Jan-2026 07:40:03.118 INFO [main] org.apache.catalina.startup.VersionLoggerListener.log Command line argument: -XX:MaxHeapFreeRatio=20
28-Jan-2026 07:40:03.118 INFO [main] org.apache.catalina.startup.VersionLoggerListener.log Command line argument: -Djava.awt.headless=true
28-Jan-2026 07:40:03.118 INFO [main] org.apache.catalina.startup.VersionLoggerListener.log Command line argument: -Djava.security.egd=file:/dev/./urandom
28-Jan-2026 07:40:03.118 INFO [main] org.apache.catalina.startup.VersionLoggerListener.log Command line argument: -Dignore.endorsed.dirs=
28-Jan-2026 07:40:03.119 INFO [main] org.apache.catalina.startup.VersionLoggerListener.log Command line argument: -Dcatalina.base=/opt/tomcat
28-Jan-2026 07:40:03.119 INFO [main] org.apache.catalina.startup.VersionLoggerListener.log Command line argument: -Dcatalina.home=/opt/tomcat
28-Jan-2026 07:40:03.119 INFO [main] org.apache.catalina.startup.VersionLoggerListener.log Command line argument: -Djava.io.tmpdir=/opt/tomcat/temp
28-Jan-2026 07:40:03.119 INFO [main] org.apache.catalina.core.AprLifecycleListener.lifecycleEvent The APR based Apache Tomcat Native library which allows optimal performance in production environments was not found on the java.library.path: [/usr/java/packages/lib/amd64:/usr/lib64:/lib64:/lib:/usr/lib]
28-Jan-2026 07:40:03.197 INFO [main] org.apache.coyote.AbstractProtocol.init Initializing ProtocolHandler ["http-nio-8080"]
28-Jan-2026 07:40:03.204 INFO [main] org.apache.tomcat.util.net.NioSelectorPool.getSharedSelector Using a shared selector for servlet write/read
28-Jan-2026 07:40:03.209 INFO [main] org.apache.coyote.AbstractProtocol.init Initializing ProtocolHandler ["ajp-nio-8009"]
28-Jan-2026 07:40:03.210 INFO [main] org.apache.tomcat.util.net.NioSelectorPool.getSharedSelector Using a shared selector for servlet write/read
28-Jan-2026 07:40:03.210 INFO [main] org.apache.catalina.startup.Catalina.load Initialization processed in 326 ms
28-Jan-2026 07:40:03.226 INFO [main] org.apache.catalina.core.StandardService.startInternal Starting service [Catalina]
28-Jan-2026 07:40:03.227 INFO [main] org.apache.catalina.core.StandardEngine.startInternal Starting Servlet Engine: Apache Tomcat/8.5.30
28-Jan-2026 07:40:03.232 INFO [localhost-startStop-1] org.apache.catalina.startup.HostConfig.deployDescriptor Deploying configuration descriptor [/opt/tomcat/conf/Catalina/localhost/openspcoop2.xml]
28-Jan-2026 07:40:07.312 INFO [localhost-startStop-1] org.apache.jasper.servlet.TldScanner.scanJars At least one JAR was scanned for TLDs yet contained no TLDs. Enable debug logging for this logger for a complete list of JARs that were scanned but no TLDs were found in them. Skipping unneeded JARs during scanning can improve startup time and JSP compilation time.
28-Jan-2026 07:40:08.866 INFO [localhost-startStop-1] org.apache.catalina.startup.HostConfig.deployDescriptor Deployment of configuration descriptor [/opt/tomcat/conf/Catalina/localhost/openspcoop2.xml] has finished in [5,634] ms
28-Jan-2026 07:40:08.866 INFO [localhost-startStop-1] org.apache.catalina.startup.HostConfig.deployDescriptor Deploying configuration descriptor [/opt/tomcat/conf/Catalina/localhost/pddConsole.xml]
28-Jan-2026 07:40:10.171 INFO [localhost-startStop-1] org.apache.jasper.servlet.TldScanner.scanJars At least one JAR was scanned for TLDs yet contained no TLDs. Enable debug logging for this logger for a complete list of JARs that were scanned but no TLDs were found in them. Skipping unneeded JARs during scanning can improve startup time and JSP compilation time.
28-Jan-2026 07:40:11.450 INFO [localhost-startStop-1] org.apache.catalina.startup.HostConfig.deployDescriptor Deployment of configuration descriptor [/opt/tomcat/conf/Catalina/localhost/pddConsole.xml] has finished in [2,584] ms
28-Jan-2026 07:40:11.451 INFO [localhost-startStop-1] org.apache.catalina.startup.HostConfig.deployDescriptor Deploying configuration descriptor [/opt/tomcat/conf/Catalina/localhost/pddLoader.xml]
28-Jan-2026 07:40:12.138 INFO [localhost-startStop-1] org.apache.jasper.servlet.TldScanner.scanJars At least one JAR was scanned for TLDs yet contained no TLDs. Enable debug logging for this logger for a complete list of JARs that were scanned but no TLDs were found in them. Skipping unneeded JARs during scanning can improve startup time and JSP compilation time.
28-Jan-2026 07:40:12.709 INFO [localhost-startStop-1] org.apache.catalina.startup.HostConfig.deployDescriptor Deployment of configuration descriptor [/opt/tomcat/conf/Catalina/localhost/pddLoader.xml] has finished in [1,258] ms
28-Jan-2026 07:40:12.710 INFO [localhost-startStop-1] org.apache.catalina.startup.HostConfig.deployWAR Deploying web application archive [/opt/tomcat/webapps/jolokia.war]
28-Jan-2026 07:40:12.770 INFO [localhost-startStop-1] org.apache.jasper.servlet.TldScanner.scanJars At least one JAR was scanned for TLDs yet contained no TLDs. Enable debug logging for this logger for a complete list of JARs that were scanned but no TLDs were found in them. Skipping unneeded JARs during scanning can improve startup time and JSP compilation time.
28-Jan-2026 07:40:12.860 INFO [localhost-startStop-1] org.apache.catalina.startup.HostConfig.deployWAR Deployment of web application archive [/opt/tomcat/webapps/jolokia.war] has finished in [150] ms
28-Jan-2026 07:40:12.861 INFO [localhost-startStop-1] org.apache.catalina.startup.HostConfig.deployDirectory Deploying web application directory [/opt/tomcat/webapps/manager]
28-Jan-2026 07:40:12.921 INFO [localhost-startStop-1] org.apache.jasper.servlet.TldScanner.scanJars At least one JAR was scanned for TLDs yet contained no TLDs. Enable debug logging for this logger for a complete list of JARs that were scanned but no TLDs were found in them. Skipping unneeded JARs during scanning can improve startup time and JSP compilation time.
28-Jan-2026 07:40:12.924 INFO [localhost-startStop-1] org.apache.catalina.startup.HostConfig.deployDirectory Deployment of web application directory [/opt/tomcat/webapps/manager] has finished in [63] ms
28-Jan-2026 07:40:12.929 INFO [main] org.apache.coyote.AbstractProtocol.start Starting ProtocolHandler ["http-nio-8080"]
28-Jan-2026 07:40:12.936 INFO [main] org.apache.coyote.AbstractProtocol.start Starting ProtocolHandler ["ajp-nio-8009"]
28-Jan-2026 07:40:12.941 INFO [main] org.apache.catalina.startup.Catalina.start Server startup in 9731 ms
28-Jan-2026 07:42:45.800 INFO [http-nio-8080-exec-19] org.apache.tomcat.util.http.parser.Cookie.logInvalidHeader A cookie header was received [/] that contained an invalid cookie. That cookie will be ignored.Note: further occurrences of this error will be logged at DEBUG level.
