ERROR <28-01-2026 16:04:58> org.openspcoop2.web.ctrlstat.servlet.login.GestoreAutorizzazioni.permettiVisualizzazione(445): Servlet richiesta non gestita:  
 
ERROR <28-01-2026 16:04:58> org.openspcoop2.web.ctrlstat.core.ControlStationCore.logError(189): Autorizzazione negata all'utente amministratore per la servlet [] 
 
ERROR <28-01-2026 16:14:06> org.openspcoop2.web.lib.mvc.ServletUtils.getStrutsForwardError(52): SistemaNonDisponibile: Tracciamento exception: An I/O error occurred while sending to the backend. 
 
org.openspcoop2.protocol.sdk.tracciamento.DriverTracciamentoException: Tracciamento exception: An I/O error occurred while sending to the backend.
	at org.openspcoop2.protocol.basic.tracciamento.DriverTracciamento.getTraccia_engine(DriverTracciamento.java:573) ~[openspcoop2_protocol-api_2.3.1.RELEASE.jar:?]
	at org.openspcoop2.protocol.basic.tracciamento.DriverTracciamento.getTraccia(DriverTracciamento.java:486) ~[openspcoop2_protocol-api_2.3.1.RELEASE.jar:?]
	at org.openspcoop2.pdd.logger.DriverTracciamento.getTraccia(DriverTracciamento.java:197) ~[openspcoop2_pdd_2.3.1.RELEASE.jar:?]
	at org.openspcoop2.web.ctrlstat.servlet.archivi.TracciamentoTesto.execute(TracciamentoTesto.java:129) [openspcoop2_web-pddConsole_2.3.1.RELEASE.jar:?]
	at org.apache.struts.chain.commands.servlet.ExecuteAction.execute(ExecuteAction.java:58) [struts-core-1.3.10.jar:1.3.10]
	at org.apache.struts.chain.commands.AbstractExecuteAction.execute(AbstractExecuteAction.java:67) [struts-core-1.3.10.jar:1.3.10]
	at org.apache.struts.chain.commands.ActionCommandBase.execute(ActionCommandBase.java:51) [struts-core-1.3.10.jar:1.3.10]
	at org.apache.commons.chain.impl.ChainBase.execute(ChainBase.java:191) [commons-chain-1.2.jar:1.2]
	at org.apache.commons.chain.generic.LookupCommand.execute(LookupCommand.java:305) [commons-chain-1.2.jar:1.2]
	at org.apache.commons.chain.impl.ChainBase.execute(ChainBase.java:191) [commons-chain-1.2.jar:1.2]
	at org.apache.struts.chain.ComposableRequestProcessor.process(ComposableRequestProcessor.java:283) [struts-core-1.3.10.jar:1.3.10]
	at org.apache.struts.action.ActionServlet.process(ActionServlet.java:1913) [struts-core-1.3.10.jar:1.3.10]
	at org.apache.struts.action.ActionServlet.doGet(ActionServlet.java:449) [struts-core-1.3.10.jar:1.3.10]
	at javax.servlet.http.HttpServlet.service(HttpServlet.java:635) [servlet-api.jar:?]
	at javax.servlet.http.HttpServlet.service(HttpServlet.java:742) [servlet-api.jar:?]
	at org.apache.catalina.core.ApplicationFilterChain.internalDoFilter(ApplicationFilterChain.java:231) [catalina.jar:8.5.30]
	at org.apache.catalina.core.ApplicationFilterChain.doFilter(ApplicationFilterChain.java:166) [catalina.jar:8.5.30]
	at org.apache.tomcat.websocket.server.WsFilter.doFilter(WsFilter.java:52) [tomcat-websocket.jar:8.5.30]
	at org.apache.catalina.core.ApplicationFilterChain.internalDoFilter(ApplicationFilterChain.java:193) [catalina.jar:8.5.30]
	at org.apache.catalina.core.ApplicationFilterChain.doFilter(ApplicationFilterChain.java:166) [catalina.jar:8.5.30]
	at org.openspcoop2.web.ctrlstat.servlet.login.AuthorisationFilter.doFilter(AuthorisationFilter.java:176) [openspcoop2_web-pddConsole_2.3.1.RELEASE.jar:?]
	at org.apache.catalina.core.ApplicationFilterChain.internalDoFilter(ApplicationFilterChain.java:193) [catalina.jar:8.5.30]
	at org.apache.catalina.core.ApplicationFilterChain.doFilter(ApplicationFilterChain.java:166) [catalina.jar:8.5.30]
	at org.apache.catalina.core.StandardWrapperValve.invoke(StandardWrapperValve.java:198) [catalina.jar:8.5.30]
	at org.apache.catalina.core.StandardContextValve.invoke(StandardContextValve.java:96) [catalina.jar:8.5.30]
	at org.apache.catalina.authenticator.AuthenticatorBase.invoke(AuthenticatorBase.java:496) [catalina.jar:8.5.30]
	at org.apache.catalina.core.StandardHostValve.invoke(StandardHostValve.java:140) [catalina.jar:8.5.30]
	at org.apache.catalina.valves.ErrorReportValve.invoke(ErrorReportValve.java:81) [catalina.jar:8.5.30]
	at org.apache.catalina.valves.AbstractAccessLogValve.invoke(AbstractAccessLogValve.java:650) [catalina.jar:8.5.30]
	at org.apache.catalina.core.StandardEngineValve.invoke(StandardEngineValve.java:87) [catalina.jar:8.5.30]
	at org.apache.catalina.connector.CoyoteAdapter.service(CoyoteAdapter.java:342) [catalina.jar:8.5.30]
	at org.apache.coyote.http11.Http11Processor.service(Http11Processor.java:803) [tomcat-coyote.jar:8.5.30]
	at org.apache.coyote.AbstractProcessorLight.process(AbstractProcessorLight.java:66) [tomcat-coyote.jar:8.5.30]
	at org.apache.coyote.AbstractProtocol$ConnectionHandler.process(AbstractProtocol.java:790) [tomcat-coyote.jar:8.5.30]
	at org.apache.tomcat.util.net.NioEndpoint$SocketProcessor.doRun(NioEndpoint.java:1459) [tomcat-coyote.jar:8.5.30]
	at org.apache.tomcat.util.net.SocketProcessorBase.run(SocketProcessorBase.java:49) [tomcat-coyote.jar:8.5.30]
	at java.util.concurrent.ThreadPoolExecutor.runWorker(ThreadPoolExecutor.java:1149) [?:1.8.0_181]
	at java.util.concurrent.ThreadPoolExecutor$Worker.run(ThreadPoolExecutor.java:624) [?:1.8.0_181]
	at org.apache.tomcat.util.threads.TaskThread$WrappingRunnable.run(TaskThread.java:61) [tomcat-util.jar:8.5.30]
	at java.lang.Thread.run(Thread.java:748) [?:1.8.0_181]
Caused by: org.postgresql.util.PSQLException: An I/O error occurred while sending to the backend.
	at org.postgresql.core.v3.QueryExecutorImpl.execute(QueryExecutorImpl.java:335) ~[postgresql-42.2.4.jar:42.2.4]
	at org.postgresql.jdbc.PgStatement.executeInternal(PgStatement.java:441) ~[postgresql-42.2.4.jar:42.2.4]
	at org.postgresql.jdbc.PgStatement.execute(PgStatement.java:365) ~[postgresql-42.2.4.jar:42.2.4]
	at org.postgresql.jdbc.PgPreparedStatement.executeWithFlags(PgPreparedStatement.java:150) ~[postgresql-42.2.4.jar:42.2.4]
	at org.postgresql.jdbc.PgPreparedStatement.executeQuery(PgPreparedStatement.java:113) ~[postgresql-42.2.4.jar:42.2.4]
	at org.apache.tomcat.dbcp.dbcp2.DelegatingPreparedStatement.executeQuery(DelegatingPreparedStatement.java:82) ~[tomcat-dbcp.jar:8.5.30]
	at org.apache.tomcat.dbcp.dbcp2.DelegatingPreparedStatement.executeQuery(DelegatingPreparedStatement.java:82) ~[tomcat-dbcp.jar:8.5.30]
	at org.apache.tomcat.dbcp.dbcp2.DelegatingPreparedStatement.executeQuery(DelegatingPreparedStatement.java:82) ~[tomcat-dbcp.jar:8.5.30]
	at org.openspcoop2.protocol.basic.tracciamento.DriverTracciamento.getTraccia_engine(DriverTracciamento.java:554) ~[openspcoop2_protocol-api_2.3.1.RELEASE.jar:?]
	... 39 more
Caused by: java.net.SocketException: Connection reset
	at java.net.SocketInputStream.read(SocketInputStream.java:210) ~[?:1.8.0_181]
	at java.net.SocketInputStream.read(SocketInputStream.java:141) ~[?:1.8.0_181]
	at org.postgresql.core.VisibleBufferedInputStream.readMore(VisibleBufferedInputStream.java:140) ~[postgresql-42.2.4.jar:42.2.4]
	at org.postgresql.core.VisibleBufferedInputStream.ensureBytes(VisibleBufferedInputStream.java:109) ~[postgresql-42.2.4.jar:42.2.4]
	at org.postgresql.core.VisibleBufferedInputStream.read(VisibleBufferedInputStream.java:67) ~[postgresql-42.2.4.jar:42.2.4]
	at org.postgresql.core.PGStream.receiveChar(PGStream.java:293) ~[postgresql-42.2.4.jar:42.2.4]
	at org.postgresql.core.v3.QueryExecutorImpl.processResults(QueryExecutorImpl.java:1952) ~[postgresql-42.2.4.jar:42.2.4]
	at org.postgresql.core.v3.QueryExecutorImpl.execute(QueryExecutorImpl.java:308) ~[postgresql-42.2.4.jar:42.2.4]
	at org.postgresql.jdbc.PgStatement.executeInternal(PgStatement.java:441) ~[postgresql-42.2.4.jar:42.2.4]
	at org.postgresql.jdbc.PgStatement.execute(PgStatement.java:365) ~[postgresql-42.2.4.jar:42.2.4]
	at org.postgresql.jdbc.PgPreparedStatement.executeWithFlags(PgPreparedStatement.java:150) ~[postgresql-42.2.4.jar:42.2.4]
	at org.postgresql.jdbc.PgPreparedStatement.executeQuery(PgPreparedStatement.java:113) ~[postgresql-42.2.4.jar:42.2.4]
	at org.apache.tomcat.dbcp.dbcp2.DelegatingPreparedStatement.executeQuery(DelegatingPreparedStatement.java:82) ~[tomcat-dbcp.jar:8.5.30]
	at org.apache.tomcat.dbcp.dbcp2.DelegatingPreparedStatement.executeQuery(DelegatingPreparedStatement.java:82) ~[tomcat-dbcp.jar:8.5.30]
	at org.apache.tomcat.dbcp.dbcp2.DelegatingPreparedStatement.executeQuery(DelegatingPreparedStatement.java:82) ~[tomcat-dbcp.jar:8.5.30]
	at org.openspcoop2.protocol.basic.tracciamento.DriverTracciamento.getTraccia_engine(DriverTracciamento.java:554) ~[openspcoop2_protocol-api_2.3.1.RELEASE.jar:?]
	... 39 more
